<?xml version="1.0" encoding="UTF-8" standalone="yes"?>
<ns2:test-suite start="1517771635899" stop="1517771753066" version="1.5.2" xmlns:ns2="urn:model.allure.qatools.yandex.ru">
    <name>Яндекс маркет</name>
    <description type="text"></description>
    <test-cases>
        <test-case start="1517771635974" stop="1517771753062" status="broken">
            <name>1.Телевизоры</name>
            <title>1.Телевизоры</title>
            <description type="text"></description>
            <failure>
                <message>NoSuchElementException: no such element: Unable to locate element: {"method":"xpath","selector":"//div[1][contains(@class,'n-snippet-card2__title')]"}
  (Session info: chrome=64.0.3282.119)
  (Driver info: chromedriver=2.35.528161 (5b82f2d2aae0ca24b877009200ced9065a772e73),platform=Windows NT 10.0.16299 x86_64) (WARNING: The server did not provide any stacktrace information)
Command duration or timeout: 0 milliseconds
For documentation on this error, please visit: http://seleniumhq.org/exceptions/no_such_element.html
Build info: version: '3.8.0', revision: '924c4067df', time: '2017-11-30T11:20:39.408Z'
System info: host: 'DESKTOP-J832LA6', ip: '192.168.56.1', os.name: 'Windows 10', os.arch: 'amd64', os.version: '10.0', java.version: '1.8.0_162'
Driver info: org.openqa.selenium.chrome.ChromeDriver
Capabilities {acceptInsecureCerts: false, acceptSslCerts: false, applicationCacheEnabled: false, browserConnectionEnabled: false, browserName: chrome, chrome: {chromedriverVersion: 2.35.528161 (5b82f2d2aae0ca..., userDataDir: C:\Users\Dev_ice\AppData\Lo...}, cssSelectorsEnabled: true, databaseEnabled: false, handlesAlerts: true, hasTouchScreen: false, javascriptEnabled: true, locationContextEnabled: true, mobileEmulationEnabled: false, nativeEvents: true, networkConnectionEnabled: false, pageLoadStrategy: normal, platform: XP, platformName: XP, rotatable: false, setWindowRect: true, takesHeapSnapshot: true, takesScreenshot: true, unexpectedAlertBehaviour: , unhandledPromptBehavior: , version: 64.0.3282.119, webStorageEnabled: true}
Session ID: af3c71571642985b29c89df2ac2454e1
*** Element info: {Using=xpath, value=//div[1][contains(@class,'n-snippet-card2__title')]}</message>
                <stack-trace>org.openqa.selenium.NoSuchElementException: no such element: Unable to locate element: {"method":"xpath","selector":"//div[1][contains(@class,'n-snippet-card2__title')]"}
  (Session info: chrome=64.0.3282.119)
  (Driver info: chromedriver=2.35.528161 (5b82f2d2aae0ca24b877009200ced9065a772e73),platform=Windows NT 10.0.16299 x86_64) (WARNING: The server did not provide any stacktrace information)
Command duration or timeout: 0 milliseconds
For documentation on this error, please visit: http://seleniumhq.org/exceptions/no_such_element.html
Build info: version: '3.8.0', revision: '924c4067df', time: '2017-11-30T11:20:39.408Z'
System info: host: 'DESKTOP-J832LA6', ip: '192.168.56.1', os.name: 'Windows 10', os.arch: 'amd64', os.version: '10.0', java.version: '1.8.0_162'
Driver info: org.openqa.selenium.chrome.ChromeDriver
Capabilities {acceptInsecureCerts: false, acceptSslCerts: false, applicationCacheEnabled: false, browserConnectionEnabled: false, browserName: chrome, chrome: {chromedriverVersion: 2.35.528161 (5b82f2d2aae0ca..., userDataDir: C:\Users\Dev_ice\AppData\Lo...}, cssSelectorsEnabled: true, databaseEnabled: false, handlesAlerts: true, hasTouchScreen: false, javascriptEnabled: true, locationContextEnabled: true, mobileEmulationEnabled: false, nativeEvents: true, networkConnectionEnabled: false, pageLoadStrategy: normal, platform: XP, platformName: XP, rotatable: false, setWindowRect: true, takesHeapSnapshot: true, takesScreenshot: true, unexpectedAlertBehaviour: , unhandledPromptBehavior: , version: 64.0.3282.119, webStorageEnabled: true}
Session ID: af3c71571642985b29c89df2ac2454e1
*** Element info: {Using=xpath, value=//div[1][contains(@class,'n-snippet-card2__title')]}
	at sun.reflect.NativeConstructorAccessorImpl.newInstance0(Native Method)
	at sun.reflect.NativeConstructorAccessorImpl.newInstance(NativeConstructorAccessorImpl.java:62)
	at sun.reflect.DelegatingConstructorAccessorImpl.newInstance(DelegatingConstructorAccessorImpl.java:45)
	at java.lang.reflect.Constructor.newInstance(Constructor.java:423)
	at org.openqa.selenium.remote.ErrorHandler.createThrowable(ErrorHandler.java:214)
	at org.openqa.selenium.remote.ErrorHandler.throwIfResponseFailed(ErrorHandler.java:166)
	at org.openqa.selenium.remote.http.JsonHttpResponseCodec.reconstructValue(JsonHttpResponseCodec.java:40)
	at org.openqa.selenium.remote.http.AbstractHttpResponseCodec.decode(AbstractHttpResponseCodec.java:80)
	at org.openqa.selenium.remote.http.AbstractHttpResponseCodec.decode(AbstractHttpResponseCodec.java:44)
	at org.openqa.selenium.remote.HttpCommandExecutor.execute(HttpCommandExecutor.java:164)
	at org.openqa.selenium.remote.service.DriverCommandExecutor.execute(DriverCommandExecutor.java:83)
	at org.openqa.selenium.remote.RemoteWebDriver.execute(RemoteWebDriver.java:601)
	at org.openqa.selenium.remote.RemoteWebDriver.findElement(RemoteWebDriver.java:371)
	at org.openqa.selenium.remote.RemoteWebDriver.findElementByXPath(RemoteWebDriver.java:473)
	at org.openqa.selenium.By$ByXPath.findElement(By.java:361)
	at org.openqa.selenium.remote.RemoteWebDriver.findElement(RemoteWebDriver.java:363)
	at org.openqa.selenium.support.pagefactory.DefaultElementLocator.findElement(DefaultElementLocator.java:69)
	at org.openqa.selenium.support.pagefactory.internal.LocatingElementHandler.invoke(LocatingElementHandler.java:38)
	at com.sun.proxy.$Proxy18.getText(Unknown Source)
	at pages.TvFilterPage.saveFirstElement(TvFilterPage.java:38)
	at steps.TvFilterSteps.checkSearch(TvFilterSteps.java:33)
	at steps.ScenarioSteps.checkSearch(ScenarioSteps.java:70)
	at ✽.Тогда найденный элемент соответствует поиску(маркет.feature:23)
</stack-trace>
            </failure>
            <steps>
                <step start="1517771651783" stop="1517771657839" status="passed">
                    <name>Когда выбран пункт меню "Маркет"</name>
                    <title>Когда выбран пункт меню "Маркет"</title>
                    <steps>
                        <step start="1517771653107" stop="1517771657832" status="passed">
                            <name>stepSelectMenu[Маркет]</name>
                            <title>Выбран пункт меню Маркет</title>
                        </step>
                    </steps>
                </step>
                <step start="1517771657841" stop="1517771662637" status="passed">
                    <name>Когда выбрана вид товара "Электроника"</name>
                    <title>Когда выбрана вид товара "Электроника"</title>
                    <steps>
                        <step start="1517771657844" stop="1517771662636" status="passed">
                            <name>selectType[Электроника]</name>
                            <title>Выбрана категория товаров Электроника</title>
                        </step>
                    </steps>
                </step>
                <step start="1517771662638" stop="1517771669915" status="passed">
                    <name>Тогда выбрана категория товаров "Телевизоры"</name>
                    <title>Тогда выбрана категория товаров "Телевизоры"</title>
                    <steps>
                        <step start="1517771662641" stop="1517771669914" status="passed">
                            <name>selectCategory[Телевизоры]</name>
                            <title>Выбрана категория товаров Телевизоры</title>
                        </step>
                    </steps>
                </step>
                <step start="1517771669915" stop="1517771674863" status="passed">
                    <name>Тогда выполнено нажатие на Перейти ко всем фильтрам</name>
                    <title>Тогда выполнено нажатие на Перейти ко всем фильтрам</title>
                    <steps>
                        <step start="1517771669919" stop="1517771674863" status="passed">
                            <name>selectGoToFilter</name>
                            <title>Выбран Перейти ко всем фильтрам</title>
                        </step>
                    </steps>
                </step>
                <step start="1517771674865" stop="1517771675676" status="passed">
                    <name>Когда заполняются поля:</name>
                    <title>Когда заполняются поля:</title>
                    <steps>
                        <step start="1517771674877" stop="1517771675675" status="passed">
                            <name>stepFillField[Цена от, 20000]</name>
                            <title>Поле Цена от заполняется значением 20000</title>
                        </step>
                    </steps>
                </step>
                <step start="1517771675676" stop="1517771676149" status="passed">
                    <name>Когда выбран производитель "Samsung"</name>
                    <title>Когда выбран производитель "Samsung"</title>
                    <steps>
                        <step start="1517771675678" stop="1517771676148" status="passed">
                            <name>stepSelectProducer[Samsung]</name>
                            <title>Выбран производитель Samsung</title>
                        </step>
                    </steps>
                </step>
                <step start="1517771676149" stop="1517771676567" status="passed">
                    <name>Когда выбран производитель "LG"</name>
                    <title>Когда выбран производитель "LG"</title>
                    <steps>
                        <step start="1517771676151" stop="1517771676566" status="passed">
                            <name>stepSelectProducer[LG]</name>
                            <title>Выбран производитель LG</title>
                        </step>
                    </steps>
                </step>
                <step start="1517771676567" stop="1517771683012" status="passed">
                    <name>Тогда выполнено нажатие на Показать подходящие</name>
                    <title>Тогда выполнено нажатие на Показать подходящие</title>
                    <steps>
                        <step start="1517771676569" stop="1517771683012" status="passed">
                            <name>selectButton</name>
                            <title>Нажата кнопка Показать подходящие</title>
                        </step>
                    </steps>
                </step>
                <step start="1517771683013" stop="1517771683106" status="passed">
                    <name>Когда количество товара на странице 12</name>
                    <title>Когда количество товара на странице 12</title>
                    <steps>
                        <step start="1517771683014" stop="1517771683106" status="passed">
                            <name>checkCountGoods</name>
                            <title>Количество товаров на странице 12</title>
                        </step>
                    </steps>
                </step>
                <step start="1517771683107" stop="1517771683257" status="passed">
                    <name>Когда сохранено название первого товара в списке</name>
                    <title>Когда сохранено название первого товара в списке</title>
                    <steps>
                        <step start="1517771683109" stop="1517771683257" status="passed">
                            <name>saveFirstElement</name>
                            <title>Сохранено название первого товара в списке</title>
                        </step>
                    </steps>
                </step>
                <step start="1517771683258" stop="1517771685223" status="passed">
                    <name>Когда введено значение сохраненного элемента в сторку поиска</name>
                    <title>Когда введено значение сохраненного элемента в сторку поиска</title>
                    <steps>
                        <step start="1517771683260" stop="1517771685222" status="passed">
                            <name>searchFirstElement</name>
                            <title>Ввод в строку поиска значения сохраненного элемента</title>
                        </step>
                    </steps>
                </step>
                <step start="1517771685223" stop="1517771685687" status="passed">
                    <name>Тогда нажата кнопка Найти</name>
                    <title>Тогда нажата кнопка Найти</title>
                    <steps>
                        <step start="1517771685225" stop="1517771685687" status="passed">
                            <name>buttonSearch</name>
                            <title>Нажата кнопка Найти</title>
                        </step>
                    </steps>
                </step>
                <step start="1517771685687" stop="1517771753059" status="broken">
                    <name>Тогда найденный элемент соответствует поиску</name>
                    <title>Тогда найденный элемент соответствует поиску</title>
                    <attachments>
                        <attachment title="Скриншот в момент ошибки" source="79e8082b-74aa-41ba-94ae-b4422aece816-attachment.png" type="image/png"/>
                    </attachments>
                    <steps>
                        <step start="1517771685689" stop="1517771752423" status="broken">
                            <name>checkSearch</name>
                            <title>Проверка найденного элемента запросу</title>
                        </step>
                    </steps>
                </step>
            </steps>
            <attachments/>
            <labels>
                <label name="story" value="1.Телевизоры"/>
                <label name="feature" value="Яндекс маркет"/>
                <label name="host" value="DESKTOP-J832LA6"/>
                <label name="thread" value="7196@DESKTOP-J832LA6.main(1)"/>
                <label name="framework" value="CucumberJVM"/>
            </labels>
        </test-case>
    </test-cases>
    <labels>
        <label name="feature" value="Яндекс маркет"/>
        <label name="language" value="JAVA"/>
    </labels>
</ns2:test-suite>
